Flow report for pacman
Wed Apr 27 22:25:50 2022
Quartus Prime Version 18.1.0 Build 625 09/12/2018 SJ Lite Edition


---------------------
; Table of Contents ;
---------------------
  1. Legal Notice
  2. Flow Summary
  3. Flow Settings
  4. Flow Non-Default Global Settings
  5. Flow Elapsed Time
  6. Flow OS Summary
  7. Flow Log
  8. Flow Messages
  9. Flow Suppressed Messages



----------------
; Legal Notice ;
----------------
Copyright (C) 2018  Intel Corporation. All rights reserved.
Your use of Intel Corporation's design tools, logic functions 
and other software and tools, and its AMPP partner logic 
functions, and any output files from any of the foregoing 
(including device programming or simulation files), and any 
associated documentation or information are expressly subject 
to the terms and conditions of the Intel Program License 
Subscription Agreement, the Intel Quartus Prime License Agreement,
the Intel FPGA IP License Agreement, or other applicable license
agreement, including, without limitation, that your use is for
the sole purpose of programming logic devices manufactured by
Intel and sold by Intel or its authorized distributors.  Please
refer to the applicable agreement for further details.



+-------------------------------------------------------------------------------+
; Flow Summary                                                                  ;
+---------------------------------+---------------------------------------------+
; Flow Status                     ; Successful - Wed Apr 27 22:25:50 2022       ;
; Quartus Prime Version           ; 18.1.0 Build 625 09/12/2018 SJ Lite Edition ;
; Revision Name                   ; pacman                                      ;
; Top-level Entity Name           ; pacman                                      ;
; Family                          ; Cyclone V                                   ;
; Device                          ; 5CSXFC6D6F31C6                              ;
; Timing Models                   ; Final                                       ;
; Logic utilization (in ALMs)     ; 3,356 / 41,910 ( 8 % )                      ;
; Total registers                 ; 1267                                        ;
; Total pins                      ; 180 / 499 ( 36 % )                          ;
; Total virtual pins              ; 0                                           ;
; Total block memory bits         ; 262,144 / 5,662,720 ( 5 % )                 ;
; Total DSP Blocks                ; 5 / 112 ( 4 % )                             ;
; Total HSSI RX PCSs              ; 0 / 9 ( 0 % )                               ;
; Total HSSI PMA RX Deserializers ; 0 / 9 ( 0 % )                               ;
; Total HSSI TX PCSs              ; 0 / 9 ( 0 % )                               ;
; Total HSSI PMA TX Serializers   ; 0 / 9 ( 0 % )                               ;
; Total PLLs                      ; 0 / 15 ( 0 % )                              ;
; Total DLLs                      ; 1 / 4 ( 25 % )                              ;
+---------------------------------+---------------------------------------------+


+-----------------------------------------+
; Flow Settings                           ;
+-------------------+---------------------+
; Option            ; Setting             ;
+-------------------+---------------------+
; Start date & time ; 04/27/2022 22:17:02 ;
; Main task         ; Compilation         ;
; Revision Name     ; pacman              ;
+-------------------+---------------------+


+-----------------------------------------------------------------------------------------------------------------------------------+
; Flow Non-Default Global Settings                                                                                                  ;
+---------------------------------------+----------------------------------------+---------------+-------------+--------------------+
; Assignment Name                       ; Value                                  ; Default Value ; Entity Name ; Section Id         ;
+---------------------------------------+----------------------------------------+---------------+-------------+--------------------+
; COMPILER_SIGNATURE_ID                 ; 154027287689085.165111221708980        ; --            ; --          ; --                 ;
; ECO_REGENERATE_REPORT                 ; On                                     ; Off           ; --          ; --                 ;
; EDA_DESIGN_INSTANCE_NAME              ; NA                                     ; --            ; --          ; de10_vga_raster_tb ;
; EDA_NATIVELINK_SIMULATION_TEST_BENCH  ; de10_vga_raster_tb                     ; --            ; --          ; eda_simulation     ;
; EDA_OUTPUT_DATA_FORMAT                ; Vhdl                                   ; --            ; --          ; eda_simulation     ;
; EDA_SIMULATION_TOOL                   ; ModelSim-Altera (VHDL)                 ; <None>        ; --          ; --                 ;
; EDA_TEST_BENCH_ENABLE_STATUS          ; TEST_BENCH_MODE                        ; --            ; --          ; eda_simulation     ;
; EDA_TEST_BENCH_FILE                   ; de10_vga_raster_tb.vhd                 ; --            ; --          ; de10_vga_raster_tb ;
; EDA_TEST_BENCH_MODULE_NAME            ; de10_vga_raster_tb                     ; --            ; --          ; de10_vga_raster_tb ;
; EDA_TEST_BENCH_NAME                   ; de10_vga_raster_tb                     ; --            ; --          ; eda_simulation     ;
; EDA_TIME_SCALE                        ; 1 ps                                   ; --            ; --          ; eda_simulation     ;
; MAX_CORE_JUNCTION_TEMP                ; 85                                     ; --            ; --          ; --                 ;
; MIN_CORE_JUNCTION_TEMP                ; 0                                      ; --            ; --          ; --                 ;
; OUTPUT_IO_TIMING_FAR_END_VMEAS        ; Half Signal Swing                      ; --            ; --          ; --                 ;
; OUTPUT_IO_TIMING_FAR_END_VMEAS        ; Half Signal Swing                      ; --            ; --          ; --                 ;
; OUTPUT_IO_TIMING_NEAR_END_VMEAS       ; Half Vccio                             ; --            ; --          ; --                 ;
; OUTPUT_IO_TIMING_NEAR_END_VMEAS       ; Half Vccio                             ; --            ; --          ; --                 ;
; PARTITION_COLOR                       ; -- (Not supported for targeted family) ; --            ; --          ; Top                ;
; PARTITION_FITTER_PRESERVATION_LEVEL   ; -- (Not supported for targeted family) ; --            ; --          ; Top                ;
; PARTITION_NETLIST_TYPE                ; -- (Not supported for targeted family) ; --            ; --          ; Top                ;
; POWER_BOARD_THERMAL_MODEL             ; None (CONSERVATIVE)                    ; --            ; --          ; --                 ;
; POWER_PRESET_COOLING_SOLUTION         ; 23 MM HEAT SINK WITH 200 LFPM AIRFLOW  ; --            ; --          ; --                 ;
; USE_DLL_FREQUENCY_FOR_DQS_DELAY_CHAIN ; On                                     ; Off           ; --          ; --                 ;
+---------------------------------------+----------------------------------------+---------------+-------------+--------------------+


+--------------------------------------------------------------------------------------------------------------------------+
; Flow Elapsed Time                                                                                                        ;
+----------------------+--------------+-------------------------+---------------------+------------------------------------+
; Module Name          ; Elapsed Time ; Average Processors Used ; Peak Virtual Memory ; Total CPU Time (on all processors) ;
+----------------------+--------------+-------------------------+---------------------+------------------------------------+
; Analysis & Synthesis ; 00:05:43     ; 1.2                     ; 5652 MB             ; 00:07:28                           ;
; Fitter               ; 00:02:02     ; 1.2                     ; 7406 MB             ; 00:04:15                           ;
; Assembler            ; 00:00:13     ; 1.0                     ; 4912 MB             ; 00:00:13                           ;
; Timing Analyzer      ; 00:00:37     ; 1.5                     ; 5628 MB             ; 00:00:53                           ;
; EDA Netlist Writer   ; 00:00:04     ; 1.0                     ; 4857 MB             ; 00:00:05                           ;
; Total                ; 00:08:39     ; --                      ; --                  ; 00:12:54                           ;
+----------------------+--------------+-------------------------+---------------------+------------------------------------+


+------------------------------------------------------------------------------------+
; Flow OS Summary                                                                    ;
+----------------------+------------------+------------+------------+----------------+
; Module Name          ; Machine Hostname ; OS Name    ; OS Version ; Processor type ;
+----------------------+------------------+------------+------------+----------------+
; Analysis & Synthesis ; LAPTOP-8NJ9K10U  ; Windows 10 ; 10.0       ; x86_64         ;
; Fitter               ; LAPTOP-8NJ9K10U  ; Windows 10 ; 10.0       ; x86_64         ;
; Assembler            ; LAPTOP-8NJ9K10U  ; Windows 10 ; 10.0       ; x86_64         ;
; Timing Analyzer      ; LAPTOP-8NJ9K10U  ; Windows 10 ; 10.0       ; x86_64         ;
; EDA Netlist Writer   ; LAPTOP-8NJ9K10U  ; Windows 10 ; 10.0       ; x86_64         ;
+----------------------+------------------+------------+------------+----------------+


------------
; Flow Log ;
------------
quartus_map --read_settings_files=on --write_settings_files=off pacman -c pacman
quartus_fit --read_settings_files=off --write_settings_files=off pacman -c pacman
quartus_asm --read_settings_files=off --write_settings_files=off pacman -c pacman
quartus_sta pacman -c pacman
quartus_eda --read_settings_files=off --write_settings_files=off pacman -c pacman



